<?xml version="1.0" encoding="UTF-8"?>
<!-- Generated by org.testng.reporters.JUnitReportReporter -->
<testsuite hostname="IN-BLBN0F3" failures="0" tests="1" name="Test.TestNG" time="4.813" errors="0" timestamp="16 May 2024 06:04:10 GMT" skipped="0">
  <testcase classname="Test.TestNG" name="testPincode" time="4.813"/>
</testsuite> <!-- Test.TestNG -->
