<?xml version="1.0" encoding="UTF-8"?>
<!-- Generated by org.testng.reporters.JUnitReportReporter -->
<testsuite hostname="IN-BLBN0F3" failures="0" tests="1" name="Test.TestNG" time="4.878" errors="0" timestamp="2024-05-10T14:54:53 IST" skipped="0">
  <testcase classname="Test.TestNG" name="amazonSearchTest" time="4.878"/>
</testsuite> <!-- Test.TestNG -->
